<?xml version="1.0" encoding="UTF-8"?>
<testsuite xmlns:xsi="http://www.w3.org/2001/XMLSchema-instance" xsi:noNamespaceSchemaLocation="https://maven.apache.org/surefire/maven-surefire-plugin/xsd/surefire-test-report-3.0.xsd" version="3.0" name="com.group15.AutomatedHydroponicsSystem.AutomatedHydroponicsSystemApplicationTests" time="7.669" tests="1" errors="0" skipped="0" failures="0">
  <properties>
[...]
</properties>
  <testcase name="contextLoads" classname="com.group15.AutomatedHydroponicsSystem.AutomatedHydroponicsSystemApplicationTests" time="0.605">
    <system-out><![CDATA[01:04:03.316 [main] INFO org.springframework.test.context.support.AnnotationConfigContextLoaderUtils -- Could not detect default configuration classes for test class [com.group15.AutomatedHydroponicsSystem.AutomatedHydroponicsSystemApplicationTests]: AutomatedHydroponicsSystemApplicationTests does not declare any static, non-private, non-final, nested classes annotated with @Configuration.
01:04:03.453 [main] INFO org.springframework.boot.test.context.SpringBootTestContextBootstrapper -- Found @SpringBootConfiguration com.group15.AutomatedHydroponicsSystem.AutomatedHydroponicsSystemApplication for test class com.group15.AutomatedHydroponicsSystem.AutomatedHydroponicsSystemApplicationTests

  .   ____          _            __ _ _
 /\\ / ___'_ __ _ _(_)_ __  __ _ \ \ \ \
( ( )\___ | '_ | '_| | '_ \/ _` | \ \ \ \
 \\/  ___)| |_)| | | | | || (_| |  ) ) ) )
  '  |____| .__|_| |_|_| |_\__, | / / / /
 =========|_|==============|___/=/_/_/_/
 :: Spring Boot ::                (v3.1.7)

2024-01-14T01:04:03.951+05:30  INFO 14032 --- [           main] tomatedHydroponicsSystemApplicationTests : Starting AutomatedHydroponicsSystemApplicationTests using Java 19.0.2 with PID 14032 (started by e1922 in E:\#SEMESTER 5\3YP\e19-3yp-Automated-Hydroponic-System\Web Application\AutomatedHydroponicsSystem\AutomatedHydroponicsSystem)
2024-01-14T01:04:03.953+05:30  INFO 14032 --- [           main] tomatedHydroponicsSystemApplicationTests : No active profile set, falling back to 1 default profile: "default"
2024-01-14T01:04:04.774+05:30  INFO 14032 --- [           main] .s.d.r.c.RepositoryConfigurationDelegate : Bootstrapping Spring Data JPA repositories in DEFAULT mode.
2024-01-14T01:04:04.879+05:30  INFO 14032 --- [           main] .s.d.r.c.RepositoryConfigurationDelegate : Finished Spring Data repository scanning in 95 ms. Found 4 JPA repository interfaces.
2024-01-14T01:04:05.540+05:30  INFO 14032 --- [           main] o.hibernate.jpa.internal.util.LogHelper  : HHH000204: Processing PersistenceUnitInfo [name: default]
2024-01-14T01:04:05.590+05:30  INFO 14032 --- [           main] org.hibernate.Version                    : HHH000412: Hibernate ORM core version 6.2.17.Final
2024-01-14T01:04:05.592+05:30  INFO 14032 --- [           main] org.hibernate.cfg.Environment            : HHH000406: Using bytecode reflection optimizer
2024-01-14T01:04:05.959+05:30  INFO 14032 --- [           main] o.s.o.j.p.SpringPersistenceUnitInfo      : No LoadTimeWeaver setup: ignoring JPA class transformer
2024-01-14T01:04:05.988+05:30  INFO 14032 --- [           main] com.zaxxer.hikari.HikariDataSource       : HikariPool-1 - Starting...
2024-01-14T01:04:06.358+05:30  INFO 14032 --- [           main] com.zaxxer.hikari.pool.HikariPool        : HikariPool-1 - Added connection com.mysql.cj.jdbc.ConnectionImpl@386e9fd8
2024-01-14T01:04:06.361+05:30  INFO 14032 --- [           main] com.zaxxer.hikari.HikariDataSource       : HikariPool-1 - Start completed.
2024-01-14T01:04:06.406+05:30  WARN 14032 --- [           main] org.hibernate.orm.deprecation            : HHH90000025: MySQL57Dialect does not need to be specified explicitly using 'hibernate.dialect' (remove the property setting and it will be selected by default)
2024-01-14T01:04:06.407+05:30  WARN 14032 --- [           main] org.hibernate.orm.deprecation            : HHH90000026: MySQL57Dialect has been deprecated; use org.hibernate.dialect.MySQLDialect instead
2024-01-14T01:04:06.714+05:30  INFO 14032 --- [           main] o.hibernate.id.enhanced.TableGenerator   : HHH000398: Explicit segment value for id generator [hibernate_sequences.sequence_name] suggested; using default [default]
2024-01-14T01:04:07.457+05:30  INFO 14032 --- [           main] o.h.e.t.j.p.i.JtaPlatformInitiator       : HHH000489: No JTA platform available (set 'hibernate.transaction.jta.platform' to enable JTA platform integration)
2024-01-14T01:04:07.531+05:30  INFO 14032 --- [           main] j.LocalContainerEntityManagerFactoryBean : Initialized JPA EntityManagerFactory for persistence unit 'default'
2024-01-14T01:04:08.009+05:30  INFO 14032 --- [           main] o.s.d.j.r.query.QueryEnhancerFactory     : Hibernate is in classpath; If applicable, HQL parser will be used.
2024-01-14T01:04:08.637+05:30  WARN 14032 --- [           main] JpaBaseConfiguration$JpaWebConfiguration : spring.jpa.open-in-view is enabled by default. Therefore, database queries may be performed during view rendering. Explicitly configure spring.jpa.open-in-view to disable this warning
2024-01-14T01:04:09.015+05:30  INFO 14032 --- [           main] o.s.s.web.DefaultSecurityFilterChain     : Will secure any request with [org.springframework.security.web.session.DisableEncodeUrlFilter@27aa700, org.springframework.security.web.context.request.async.WebAsyncManagerIntegrationFilter@d15f98a, org.springframework.security.web.context.SecurityContextHolderFilter@36deacfc, org.springframework.security.web.header.HeaderWriterFilter@32fa956b, org.springframework.security.web.authentication.logout.LogoutFilter@40941b54, com.group15.AutomatedHydroponicsSystem.config.JwtAuthenticationFilter@4bb05e2a, org.springframework.security.web.savedrequest.RequestCacheAwareFilter@78167, org.springframework.security.web.servletapi.SecurityContextHolderAwareRequestFilter@623dc959, org.springframework.security.web.authentication.AnonymousAuthenticationFilter@704c3ca2, org.springframework.security.web.session.SessionManagementFilter@16337c8e, org.springframework.security.web.access.ExceptionTranslationFilter@4a1b710, org.springframework.security.web.access.intercept.AuthorizationFilter@34d776eb]
2024-01-14T01:04:09.379+05:30  INFO 14032 --- [           main] tomatedHydroponicsSystemApplicationTests : Started AutomatedHydroponicsSystemApplicationTests in 5.745 seconds (process running for 6.921)
Admin token: eyJhbGciOiJIUzI1NiJ9.eyJzdWIiOiJhZG1pbkBtYWlsLmNvbSIsImlhdCI6MTcwNTE3NDQ0OSwiZXhwIjoxNzA1MjYwODQ5fQ.xEtgr696bW04Aogy-2gPrjn3-XfIXSgJWYKn8Bf8w6c
MANAGER token: eyJhbGciOiJIUzI1NiJ9.eyJzdWIiOiJtYW5hZ2VyQG1haWwuY29tIiwiaWF0IjoxNzA1MTc0NDUwLCJleHAiOjE3MDUyNjA4NTB9.WhmMTzEI-2uRd7JuC4KyYSDbfYmi0q_6WJfmVIfacHY
]]></system-out>
  </testcase>
</testsuite>